2020-12-01 09:57:05,300 [INFO] main Submit the task specified by the runnable to the executor service.
2020-12-01 09:57:05,305 [INFO] pool-1-thread-1 Start to send message to 13602499238
2020-12-01 09:57:05,309 [INFO] pool-1-thread-1 Get all SmsRecords request
2020-12-01 09:57:05,663 [INFO] pool-1-thread-1 MLog clients using log4j logging.
2020-12-01 09:57:06,008 [INFO] pool-1-thread-1 Initializing c3p0-0.9.1.2 [built 21-May-2007 15:04:56; debug? true; trace: 10]
2020-12-01 09:57:06,161 [INFO] pool-1-thread-1 Initializing c3p0 pool... com.mchange.v2.c3p0.ComboPooledDataSource [ acquireIncrement -> 3, acquireRetryAttempts -> 30, acquireRetryDelay -> 1000, autoCommitOnClose -> false, automaticTestTable -> null, breakAfterAcquireFailure -> false, checkoutTimeout -> 0, connectionCustomizerClassName -> null, connectionTesterClassName -> com.mchange.v2.c3p0.impl.DefaultConnectionTester, dataSourceName -> 2sjthgae7ruybg1j7io36|3c44d01f, debugUnreturnedConnectionStackTraces -> false, description -> null, driverClass -> org.mariadb.jdbc.Driver, factoryClassLocation -> null, forceIgnoreUnresolvedTransactions -> false, identityToken -> 2sjthgae7ruybg1j7io36|3c44d01f, idleConnectionTestPeriod -> 60, initialPoolSize -> 5, jdbcUrl -> jdbc:mariadb://39.100.117.169:3306/ai_bridge, maxAdministrativeTaskTime -> 0, maxConnectionAge -> 0, maxIdleTime -> 120, maxIdleTimeExcessConnections -> 0, maxPoolSize -> 20, maxStatements -> 0, maxStatementsPerConnection -> 0, minPoolSize -> 5, numHelperThreads -> 3, numThreadsAwaitingCheckoutDefaultUser -> 0, preferredTestQuery -> select 1, properties -> {password=******, user=******}, propertyCycle -> 0, testConnectionOnCheckin -> true, testConnectionOnCheckout -> false, unreturnedConnectionTimeout -> 0, usesTraditionalReflectiveProxies -> false ]
2020-12-01 09:57:06,537 [INFO] pool-1-thread-1 sql--> select * from sms_record 
2020-12-01 09:57:06,615 [INFO] pool-1-thread-1 returned 24 row(s) data
2020-12-01 09:57:06,615 [INFO] pool-1-thread-1 SmsRecordCache reloaded. 3 record(s) are refreshed.
2020-12-01 09:57:06,616 [INFO] pool-1-thread-1 add into SmsRecord cache: SmsRecord{phoneNumber='13602499238', skillId=19, sendTime=2020-12-01 09:57:06.616}
2020-12-01 09:57:06,616 [INFO] pool-1-thread-1 Received add sms_record data request. message type: SmsRecord{phoneNumber='13602499238', skillId=19, sendTime=2020-12-01 09:57:06.616}
2020-12-01 09:57:06,674 [INFO] pool-1-thread-1 inserted SmsRecord record
2020-12-01 09:57:07,618 [INFO] pool-1-thread-1 {"RequestId":"8CF0A821-3174-434B-8BC0-83C7EA05A5E6","Message":"OK","BizId":"123811006787827359^0","Code":"OK"}
2020-12-01 10:40:38,171 [INFO] main Submit the task specified by the runnable to the executor service.
2020-12-01 10:40:38,176 [INFO] pool-1-thread-1 Start to send message to 13602499238
2020-12-01 10:40:38,179 [INFO] pool-1-thread-1 Get all SmsRecords request
2020-12-01 10:40:38,427 [INFO] pool-1-thread-1 MLog clients using log4j logging.
2020-12-01 10:40:38,671 [INFO] pool-1-thread-1 Initializing c3p0-0.9.1.2 [built 21-May-2007 15:04:56; debug? true; trace: 10]
2020-12-01 10:40:38,825 [INFO] pool-1-thread-1 Initializing c3p0 pool... com.mchange.v2.c3p0.ComboPooledDataSource [ acquireIncrement -> 3, acquireRetryAttempts -> 30, acquireRetryDelay -> 1000, autoCommitOnClose -> false, automaticTestTable -> null, breakAfterAcquireFailure -> false, checkoutTimeout -> 0, connectionCustomizerClassName -> null, connectionTesterClassName -> com.mchange.v2.c3p0.impl.DefaultConnectionTester, dataSourceName -> 2sjthgae7teybs5xykv0|48d52854, debugUnreturnedConnectionStackTraces -> false, description -> null, driverClass -> org.mariadb.jdbc.Driver, factoryClassLocation -> null, forceIgnoreUnresolvedTransactions -> false, identityToken -> 2sjthgae7teybs5xykv0|48d52854, idleConnectionTestPeriod -> 60, initialPoolSize -> 5, jdbcUrl -> jdbc:mariadb://39.100.117.169:3306/ai_bridge, maxAdministrativeTaskTime -> 0, maxConnectionAge -> 0, maxIdleTime -> 120, maxIdleTimeExcessConnections -> 0, maxPoolSize -> 20, maxStatements -> 0, maxStatementsPerConnection -> 0, minPoolSize -> 5, numHelperThreads -> 3, numThreadsAwaitingCheckoutDefaultUser -> 0, preferredTestQuery -> select 1, properties -> {password=******, user=******}, propertyCycle -> 0, testConnectionOnCheckin -> true, testConnectionOnCheckout -> false, unreturnedConnectionTimeout -> 0, usesTraditionalReflectiveProxies -> false ]
2020-12-01 10:40:39,179 [INFO] pool-1-thread-1 sql--> select * from sms_record 
2020-12-01 10:40:39,253 [INFO] pool-1-thread-1 returned 25 row(s) data
2020-12-01 10:40:39,254 [INFO] pool-1-thread-1 SmsRecordCache reloaded. 3 record(s) are refreshed.
2020-12-01 10:40:39,254 [INFO] pool-1-thread-1 add into SmsRecord cache: SmsRecord{phoneNumber='13602499238', skillId=19, sendTime=2020-12-01 10:40:39.254}
2020-12-01 10:40:39,254 [INFO] pool-1-thread-1 Received add sms_record data request. message type: SmsRecord{phoneNumber='13602499238', skillId=19, sendTime=2020-12-01 10:40:39.254}
2020-12-01 10:40:39,306 [INFO] pool-1-thread-1 inserted SmsRecord record
2020-12-01 10:40:40,247 [INFO] pool-1-thread-1 {"RequestId":"99A224A4-5E37-413D-95AE-9B388A1E4D9D","Message":"OK","BizId":"814912206790439934^0","Code":"OK"}
